2018-06-17 15:29:38.170  INFO 7532 --- [main] org.ljk.od.OdApplicationTests            : Starting OdApplicationTests on SLOWRAN with PID 7532 (started by slowran in E:\Code\netty_in_action\od)
2018-06-17 15:29:38.174  INFO 7532 --- [main] org.ljk.od.OdApplicationTests            : No active profile set, falling back to default profiles: default
2018-06-17 15:29:38.282  INFO 7532 --- [main] o.s.w.c.s.GenericWebApplicationContext   : Refreshing org.springframework.web.context.support.GenericWebApplicationContext@33ecda92: startup date [Sun Jun 17 15:29:38 CST 2018]; root of context hierarchy
2018-06-17 15:29:42.010  INFO 7532 --- [main] trationDelegate$BeanPostProcessorChecker : Bean 'org.springframework.transaction.annotation.ProxyTransactionManagementConfiguration' of type [org.springframework.transaction.annotation.ProxyTransactionManagementConfiguration$$EnhancerBySpringCGLIB$$255f6f72] is not eligible for getting processed by all BeanPostProcessors (for example: not eligible for auto-proxying)
2018-06-17 15:29:42.891  INFO 7532 --- [main] j.LocalContainerEntityManagerFactoryBean : Building JPA container EntityManagerFactory for persistence unit 'default'
2018-06-17 15:29:42.955  INFO 7532 --- [main] o.hibernate.jpa.internal.util.LogHelper  : HHH000204: Processing PersistenceUnitInfo [
	name: default
	...]
2018-06-17 15:29:43.190  INFO 7532 --- [main] org.hibernate.Version                    : HHH000412: Hibernate Core {5.2.17.Final}
2018-06-17 15:29:43.200  INFO 7532 --- [main] org.hibernate.cfg.Environment            : HHH000206: hibernate.properties not found
2018-06-17 15:29:43.493  INFO 7532 --- [main] o.hibernate.annotations.common.Version   : HCANN000001: Hibernate Commons Annotations {5.0.1.Final}
2018-06-17 15:29:43.857  INFO 7532 --- [main] com.zaxxer.hikari.HikariDataSource       : HikariPool-1 - Starting...
2018-06-17 15:29:44.455  INFO 7532 --- [main] com.zaxxer.hikari.HikariDataSource       : HikariPool-1 - Start completed.
2018-06-17 15:29:44.572  INFO 7532 --- [main] org.hibernate.dialect.Dialect            : HHH000400: Using dialect: org.hibernate.dialect.H2Dialect
2018-06-17 15:29:46.720  INFO 7532 --- [main] j.LocalContainerEntityManagerFactoryBean : Initialized JPA EntityManagerFactory for persistence unit 'default'
2018-06-17 15:29:48.313  INFO 7532 --- [main] o.s.w.s.handler.SimpleUrlHandlerMapping  : Mapped URL path [/**/favicon.ico] onto handler of type [class org.springframework.web.servlet.resource.ResourceHttpRequestHandler]
2018-06-17 15:29:49.144  INFO 7532 --- [main] s.w.s.m.m.a.RequestMappingHandlerAdapter : Looking for @ControllerAdvice: org.springframework.web.context.support.GenericWebApplicationContext@33ecda92: startup date [Sun Jun 17 15:29:38 CST 2018]; root of context hierarchy
2018-06-17 15:29:49.277  WARN 7532 --- [main] aWebConfiguration$JpaWebMvcConfiguration : spring.jpa.open-in-view is enabled by default. Therefore, database queries may be performed during view rendering. Explicitly configure spring.jpa.open-in-view to disable this warning
2018-06-17 15:29:49.400  INFO 7532 --- [main] s.w.s.m.m.a.RequestMappingHandlerMapping : Mapped "{[/]}" onto public java.lang.String org.ljk.od.ODController.index(org.springframework.ui.Model)
2018-06-17 15:29:49.404  INFO 7532 --- [main] s.w.s.m.m.a.RequestMappingHandlerMapping : Mapped "{[/query],methods=[POST]}" onto public java.lang.String org.ljk.od.ODController.query(java.lang.String)
2018-06-17 15:29:49.405  INFO 7532 --- [main] s.w.s.m.m.a.RequestMappingHandlerMapping : Mapped "{[/downloadExcel],methods=[GET]}" onto public void org.ljk.od.ODController.downloadExcel(javax.servlet.http.HttpServletResponse)
2018-06-17 15:29:49.408  INFO 7532 --- [main] s.w.s.m.m.a.RequestMappingHandlerMapping : Mapped "{[/save],methods=[POST]}" onto public java.lang.String org.ljk.od.ODController.saveOrUpdate(org.ljk.od.OpticalDevice)
2018-06-17 15:29:49.409  INFO 7532 --- [main] s.w.s.m.m.a.RequestMappingHandlerMapping : Mapped "{[/delete],methods=[POST]}" onto public java.lang.String org.ljk.od.ODController.saveOrUpdate(java.lang.Long)
2018-06-17 15:29:49.411  INFO 7532 --- [main] s.w.s.m.m.a.RequestMappingHandlerMapping : Mapped "{[/uploadExcel],methods=[POST]}" onto public java.lang.String org.ljk.od.ODController.uploadExcel(javax.servlet.http.HttpServletRequest) throws java.lang.Exception
2018-06-17 15:29:49.412  INFO 7532 --- [main] s.w.s.m.m.a.RequestMappingHandlerMapping : Mapped "{[/all]}" onto public java.lang.String org.ljk.od.ODController.showAll()
2018-06-17 15:29:49.419  INFO 7532 --- [main] s.w.s.m.m.a.RequestMappingHandlerMapping : Mapped "{[/error]}" onto public org.springframework.http.ResponseEntity<java.util.Map<java.lang.String, java.lang.Object>> org.springframework.boot.autoconfigure.web.servlet.error.BasicErrorController.error(javax.servlet.http.HttpServletRequest)
2018-06-17 15:29:49.422  INFO 7532 --- [main] s.w.s.m.m.a.RequestMappingHandlerMapping : Mapped "{[/error],produces=[text/html]}" onto public org.springframework.web.servlet.ModelAndView org.springframework.boot.autoconfigure.web.servlet.error.BasicErrorController.errorHtml(javax.servlet.http.HttpServletRequest,javax.servlet.http.HttpServletResponse)
2018-06-17 15:29:49.585  INFO 7532 --- [main] o.s.w.s.handler.SimpleUrlHandlerMapping  : Mapped URL path [/webjars/**] onto handler of type [class org.springframework.web.servlet.resource.ResourceHttpRequestHandler]
2018-06-17 15:29:49.586  INFO 7532 --- [main] o.s.w.s.handler.SimpleUrlHandlerMapping  : Mapped URL path [/**] onto handler of type [class org.springframework.web.servlet.resource.ResourceHttpRequestHandler]
2018-06-17 15:29:50.066  INFO 7532 --- [main] o.s.b.a.w.s.WelcomePageHandlerMapping    : Adding welcome page template: index
2018-06-17 15:29:50.801  INFO 7532 --- [main] org.ljk.od.OdApplicationTests            : Started OdApplicationTests in 13.42 seconds (JVM running for 15.634)
2018-06-17 15:29:51.277  INFO 7532 --- [Thread-3] o.s.w.c.s.GenericWebApplicationContext   : Closing org.springframework.web.context.support.GenericWebApplicationContext@33ecda92: startup date [Sun Jun 17 15:29:38 CST 2018]; root of context hierarchy
2018-06-17 15:29:51.285  INFO 7532 --- [Thread-3] j.LocalContainerEntityManagerFactoryBean : Closing JPA EntityManagerFactory for persistence unit 'default'
2018-06-17 15:29:51.286  INFO 7532 --- [Thread-3] com.zaxxer.hikari.HikariDataSource       : HikariPool-1 - Shutdown initiated...
2018-06-17 15:29:51.291  INFO 7532 --- [Thread-3] com.zaxxer.hikari.HikariDataSource       : HikariPool-1 - Shutdown completed.
2018-06-17 15:37:34.292  INFO 2744 --- [main] org.ljk.od.OdApplicationTests            : Starting OdApplicationTests on SLOWRAN with PID 2744 (started by slowran in E:\Code\netty_in_action\od)
2018-06-17 15:37:34.295  INFO 2744 --- [main] org.ljk.od.OdApplicationTests            : No active profile set, falling back to default profiles: default
2018-06-17 15:37:34.401  INFO 2744 --- [main] o.s.w.c.s.GenericWebApplicationContext   : Refreshing org.springframework.web.context.support.GenericWebApplicationContext@33ecda92: startup date [Sun Jun 17 15:37:34 CST 2018]; root of context hierarchy
2018-06-17 15:37:38.656  INFO 2744 --- [main] trationDelegate$BeanPostProcessorChecker : Bean 'org.springframework.transaction.annotation.ProxyTransactionManagementConfiguration' of type [org.springframework.transaction.annotation.ProxyTransactionManagementConfiguration$$EnhancerBySpringCGLIB$$df85cf04] is not eligible for getting processed by all BeanPostProcessors (for example: not eligible for auto-proxying)
2018-06-17 15:37:39.520  INFO 2744 --- [main] j.LocalContainerEntityManagerFactoryBean : Building JPA container EntityManagerFactory for persistence unit 'default'
2018-06-17 15:37:39.594  INFO 2744 --- [main] o.hibernate.jpa.internal.util.LogHelper  : HHH000204: Processing PersistenceUnitInfo [
	name: default
	...]
2018-06-17 15:37:39.865  INFO 2744 --- [main] org.hibernate.Version                    : HHH000412: Hibernate Core {5.2.17.Final}
2018-06-17 15:37:39.869  INFO 2744 --- [main] org.hibernate.cfg.Environment            : HHH000206: hibernate.properties not found
2018-06-17 15:37:40.148  INFO 2744 --- [main] o.hibernate.annotations.common.Version   : HCANN000001: Hibernate Commons Annotations {5.0.1.Final}
2018-06-17 15:37:40.424  INFO 2744 --- [main] com.zaxxer.hikari.HikariDataSource       : HikariPool-1 - Starting...
2018-06-17 15:37:41.006  INFO 2744 --- [main] com.zaxxer.hikari.HikariDataSource       : HikariPool-1 - Start completed.
2018-06-17 15:37:41.074  INFO 2744 --- [main] org.hibernate.dialect.Dialect            : HHH000400: Using dialect: org.hibernate.dialect.H2Dialect
2018-06-17 15:37:43.360  INFO 2744 --- [main] j.LocalContainerEntityManagerFactoryBean : Initialized JPA EntityManagerFactory for persistence unit 'default'
2018-06-17 15:37:45.627  INFO 2744 --- [main] o.s.w.s.handler.SimpleUrlHandlerMapping  : Mapped URL path [/**/favicon.ico] onto handler of type [class org.springframework.web.servlet.resource.ResourceHttpRequestHandler]
2018-06-17 15:37:46.877  INFO 2744 --- [main] s.w.s.m.m.a.RequestMappingHandlerAdapter : Looking for @ControllerAdvice: org.springframework.web.context.support.GenericWebApplicationContext@33ecda92: startup date [Sun Jun 17 15:37:34 CST 2018]; root of context hierarchy
2018-06-17 15:37:47.076  WARN 2744 --- [main] aWebConfiguration$JpaWebMvcConfiguration : spring.jpa.open-in-view is enabled by default. Therefore, database queries may be performed during view rendering. Explicitly configure spring.jpa.open-in-view to disable this warning
2018-06-17 15:37:47.215  INFO 2744 --- [main] s.w.s.m.m.a.RequestMappingHandlerMapping : Mapped "{[/]}" onto public java.lang.String org.ljk.od.ODController.index(org.springframework.ui.Model)
2018-06-17 15:37:47.218  INFO 2744 --- [main] s.w.s.m.m.a.RequestMappingHandlerMapping : Mapped "{[/query],methods=[POST]}" onto public java.lang.String org.ljk.od.ODController.query(java.lang.String)
2018-06-17 15:37:47.220  INFO 2744 --- [main] s.w.s.m.m.a.RequestMappingHandlerMapping : Mapped "{[/save],methods=[POST]}" onto public java.lang.String org.ljk.od.ODController.saveOrUpdate(org.ljk.od.OpticalDevice)
2018-06-17 15:37:47.221  INFO 2744 --- [main] s.w.s.m.m.a.RequestMappingHandlerMapping : Mapped "{[/delete],methods=[POST]}" onto public java.lang.String org.ljk.od.ODController.saveOrUpdate(java.lang.Long)
2018-06-17 15:37:47.223  INFO 2744 --- [main] s.w.s.m.m.a.RequestMappingHandlerMapping : Mapped "{[/all]}" onto public java.lang.String org.ljk.od.ODController.showAll()
2018-06-17 15:37:47.224  INFO 2744 --- [main] s.w.s.m.m.a.RequestMappingHandlerMapping : Mapped "{[/downloadExcel],methods=[GET]}" onto public void org.ljk.od.ODController.downloadExcel(javax.servlet.http.HttpServletResponse)
2018-06-17 15:37:47.226  INFO 2744 --- [main] s.w.s.m.m.a.RequestMappingHandlerMapping : Mapped "{[/uploadExcel],methods=[POST]}" onto public java.lang.String org.ljk.od.ODController.uploadExcel(javax.servlet.http.HttpServletRequest) throws java.lang.Exception
2018-06-17 15:37:47.236  INFO 2744 --- [main] s.w.s.m.m.a.RequestMappingHandlerMapping : Mapped "{[/error]}" onto public org.springframework.http.ResponseEntity<java.util.Map<java.lang.String, java.lang.Object>> org.springframework.boot.autoconfigure.web.servlet.error.BasicErrorController.error(javax.servlet.http.HttpServletRequest)
2018-06-17 15:37:47.275  INFO 2744 --- [main] s.w.s.m.m.a.RequestMappingHandlerMapping : Mapped "{[/error],produces=[text/html]}" onto public org.springframework.web.servlet.ModelAndView org.springframework.boot.autoconfigure.web.servlet.error.BasicErrorController.errorHtml(javax.servlet.http.HttpServletRequest,javax.servlet.http.HttpServletResponse)
2018-06-17 15:37:47.384  INFO 2744 --- [main] o.s.w.s.handler.SimpleUrlHandlerMapping  : Mapped URL path [/webjars/**] onto handler of type [class org.springframework.web.servlet.resource.ResourceHttpRequestHandler]
2018-06-17 15:37:47.384  INFO 2744 --- [main] o.s.w.s.handler.SimpleUrlHandlerMapping  : Mapped URL path [/**] onto handler of type [class org.springframework.web.servlet.resource.ResourceHttpRequestHandler]
2018-06-17 15:37:47.878  INFO 2744 --- [main] o.s.b.a.w.s.WelcomePageHandlerMapping    : Adding welcome page template: index
2018-06-17 15:37:48.772  INFO 2744 --- [main] org.ljk.od.OdApplicationTests            : Started OdApplicationTests in 15.475 seconds (JVM running for 18.067)
2018-06-17 15:37:50.112  INFO 2744 --- [Thread-3] o.s.w.c.s.GenericWebApplicationContext   : Closing org.springframework.web.context.support.GenericWebApplicationContext@33ecda92: startup date [Sun Jun 17 15:37:34 CST 2018]; root of context hierarchy
2018-06-17 15:37:50.121  INFO 2744 --- [Thread-3] j.LocalContainerEntityManagerFactoryBean : Closing JPA EntityManagerFactory for persistence unit 'default'
2018-06-17 15:37:50.123  INFO 2744 --- [Thread-3] com.zaxxer.hikari.HikariDataSource       : HikariPool-1 - Shutdown initiated...
2018-06-17 15:37:50.133  INFO 2744 --- [Thread-3] com.zaxxer.hikari.HikariDataSource       : HikariPool-1 - Shutdown completed.
